This is pdfTeX, Version 3.141592653-2.6-1.40.25 (TeX Live 2023) (preloaded format=pdflatex 2023.5.26)  24 JUL 2023 15:53
entering extended mode
 restricted \write18 enabled.
 file:line:error style messages enabled.
 %&-line parsing enabled.
**/home/amfe/Desktop/msiPL-master/achemso/achemso-demo.tex
(/home/amfe/Desktop/msiPL-master/achemso/achemso-demo.tex
LaTeX2e <2022-11-01> patch level 1
L3 programming layer <2023-05-22> (/usr/local/texlive/2023/texmf-dist/tex/latex/achemso/achemso.cls
Document Class: achemso 2022-11-25 v3.13f Submission to ACS journals
(/usr/local/texlive/2023/texmf-dist/tex/latex/base/article.cls
Document Class: article 2022/07/02 v1.4n Standard LaTeX document class
(/usr/local/texlive/2023/texmf-dist/tex/latex/base/size12.clo
File: size12.clo 2022/07/02 v1.4n Standard LaTeX file (size option)
)
\c@part=\count185
\c@section=\count186
\c@subsection=\count187
\c@subsubsection=\count188
\c@paragraph=\count189
\c@subparagraph=\count190
\c@figure=\count191
\c@table=\count192
\abovecaptionskip=\skip48
\belowcaptionskip=\skip49
\bibindent=\dimen140
) (/usr/local/texlive/2023/texmf-dist/tex/latex/xkeyval/xkeyval.sty
Package: xkeyval 2022/06/16 v2.9 package option processing (HA)
 (/usr/local/texlive/2023/texmf-dist/tex/generic/xkeyval/xkeyval.tex (/usr/local/texlive/2023/texmf-dist/tex/generic/xkeyval/xkvutils.tex
\XKV@toks=\toks16
\XKV@tempa@toks=\toks17
 (/usr/local/texlive/2023/texmf-dist/tex/generic/xkeyval/keyval.tex))
\XKV@depth=\count193
File: xkeyval.tex 2014/12/03 v2.7a key=value parser (HA)
))
\acs@bib@file=\write3
\c@bibnote=\count194
 (/usr/local/texlive/2023/texmf-dist/tex/latex/geometry/geometry.sty
Package: geometry 2020/01/02 v5.9 Page Geometry
 (/usr/local/texlive/2023/texmf-dist/tex/generic/iftex/ifvtex.sty
Package: ifvtex 2019/10/25 v1.7 ifvtex legacy package. Use iftex instead.
 (/usr/local/texlive/2023/texmf-dist/tex/generic/iftex/iftex.sty
Package: iftex 2022/02/03 v1.0f TeX engine tests
))
\Gm@cnth=\count195
\Gm@cntv=\count196
\c@Gm@tempcnt=\count197
\Gm@bindingoffset=\dimen141
\Gm@wd@mp=\dimen142
\Gm@odd@mp=\dimen143
\Gm@even@mp=\dimen144
\Gm@layoutwidth=\dimen145
\Gm@layoutheight=\dimen146
\Gm@layouthoffset=\dimen147
\Gm@layoutvoffset=\dimen148
\Gm@dimlist=\toks18
) (/usr/local/texlive/2023/texmf-dist/tex/latex/caption/caption.sty
Package: caption 2023/03/12 v3.6j Customizing captions (AR)
 (/usr/local/texlive/2023/texmf-dist/tex/latex/caption/caption3.sty
Package: caption3 2023/03/12 v2.4 caption3 kernel (AR)
\caption@tempdima=\dimen149
\captionmargin=\dimen150
\caption@leftmargin=\dimen151
\caption@rightmargin=\dimen152
\caption@width=\dimen153
\caption@indent=\dimen154
\caption@parindent=\dimen155
\caption@hangindent=\dimen156
Package caption Info: Standard document class detected.
)
\c@caption@flags=\count198
\c@continuedfloat=\count199
) (/usr/local/texlive/2023/texmf-dist/tex/latex/float/float.sty
Package: float 2001/11/08 v1.3d Float enhancements (AL)
\c@float@type=\count266
\float@exts=\toks19
\float@box=\box51
\@float@everytoks=\toks20
\@floatcapt=\box52
) (/usr/local/texlive/2023/texmf-dist/tex/latex/graphics/graphicx.sty
Package: graphicx 2021/09/16 v1.2d Enhanced LaTeX Graphics (DPC,SPQR)
 (/usr/local/texlive/2023/texmf-dist/tex/latex/graphics/graphics.sty
Package: graphics 2022/03/10 v1.4e Standard LaTeX Graphics (DPC,SPQR)
 (/usr/local/texlive/2023/texmf-dist/tex/latex/graphics/trig.sty
Package: trig 2021/08/11 v1.11 sin cos tan (DPC)
) (/usr/local/texlive/2023/texmf-dist/tex/latex/graphics-cfg/graphics.cfg
File: graphics.cfg 2016/06/04 v1.11 sample graphics configuration
)
Package graphics Info: Driver file: pdftex.def on input line 107.
 (/usr/local/texlive/2023/texmf-dist/tex/latex/graphics-def/pdftex.def
File: pdftex.def 2022/09/22 v1.2b Graphics/color driver for pdftex
))
\Gin@req@height=\dimen157
\Gin@req@width=\dimen158
) (/usr/local/texlive/2023/texmf-dist/tex/latex/setspace/setspace.sty
Package: setspace 2022/12/04 v6.7b set line spacing
) (/usr/local/texlive/2023/texmf-dist/tex/latex/url/url.sty
\Urlmuskip=\muskip16
Package: url 2013/09/16  ver 3.4  Verb mode for urls, etc.
)
\acs@author@cnt=\count267
\acs@affil@cnt=\count268
\acs@affil@alt@cnt=\count269
\acs@footnote@cnt=\count270
\acs@affil@marker@cnt=\count271
\acs@space@pre@title=\skip50
\acs@space@post@title=\skip51
\acs@space@post@author=\skip52
\acs@space@post@address=\skip53
\acs@space@post@email=\skip54
\acs@maketitle@width=\skip55
\@float@every@scheme=\toks21
\c@scheme=\count272
\@float@every@chart=\toks22
\c@chart=\count273
\@float@every@graph=\toks23
\c@graph=\count274
\@float@every@table=\toks24
\acs@collect@toks=\toks25
\acs@collect@empty@toks=\toks26
\acs@tocentry@height=\skip56
\acs@tocentry@width=\skip57
 (/usr/local/texlive/2023/texmf-dist/tex/latex/achemso/achemso-jacsat.cfg
File: achemso-jacsat.cfg 2022-11-25 v3.13f achemso configuration: J. Am. Chem. Soc.
) (/usr/local/texlive/2023/texmf-dist/tex/latex/natbib/natbib.sty
Package: natbib 2010/09/13 8.31b (PWD, AO)
\bibhang=\skip58
\bibsep=\skip59
LaTeX Info: Redefining \cite on input line 694.
\c@NAT@ctr=\count275
) (/usr/local/texlive/2023/texmf-dist/tex/latex/achemso/natmove.sty
Package: natmove 2010/01/15 v1.1a Automatic citation moving with natbib
) (/usr/local/texlive/2023/texmf-dist/tex/latex/mciteplus/mciteplus.sty
Package: mciteplus 2013/09/13 v1.2 enhanced mcite
\@mcitetmptoksA=\toks27
\@mcitetmpdima=\dimen159
\@mcitetmpdimb=\dimen160
\@mcitetmpcnta=\count276
\@mcitetmpcntb=\count277
\c@mcitebibitemcount=\count278
\c@mcitesubitemcount=\count279

** mciteplus: Detected natbib.sty. Invoking hooks.
)) (/usr/local/texlive/2023/texmf-dist/tex/latex/chemformula/chemformula.sty (/usr/local/texlive/2023/texmf-dist/tex/latex/pgf/frontendlayer/tikz.sty (/usr/local/texlive/2023/texmf-dist/tex/latex/pgf/basiclayer/pgf.sty (/usr/local/texlive/2023/texmf-dist/tex/latex/pgf/utilities/pgfrcs.sty (/usr/local/texlive/2023/texmf-dist/tex/generic/pgf/utilities/pgfutil-common.tex
\pgfutil@everybye=\toks28
\pgfutil@tempdima=\dimen161
\pgfutil@tempdimb=\dimen162
) (/usr/local/texlive/2023/texmf-dist/tex/generic/pgf/utilities/pgfutil-latex.def
\pgfutil@abb=\box53
) (/usr/local/texlive/2023/texmf-dist/tex/generic/pgf/utilities/pgfrcs.code.tex (/usr/local/texlive/2023/texmf-dist/tex/generic/pgf/pgf.revision.tex)
Package: pgfrcs 2023-01-15 v3.1.10 (3.1.10)
))
Package: pgf 2023-01-15 v3.1.10 (3.1.10)
 (/usr/local/texlive/2023/texmf-dist/tex/latex/pgf/basiclayer/pgfcore.sty (/usr/local/texlive/2023/texmf-dist/tex/latex/pgf/systemlayer/pgfsys.sty (/usr/local/texlive/2023/texmf-dist/tex/generic/pgf/systemlayer/pgfsys.code.tex
Package: pgfsys 2023-01-15 v3.1.10 (3.1.10)
 (/usr/local/texlive/2023/texmf-dist/tex/generic/pgf/utilities/pgfkeys.code.tex
\pgfkeys@pathtoks=\toks29
\pgfkeys@temptoks=\toks30
 (/usr/local/texlive/2023/texmf-dist/tex/generic/pgf/utilities/pgfkeyslibraryfiltered.code.tex
\pgfkeys@tmptoks=\toks31
))
\pgf@x=\dimen163
\pgf@y=\dimen164
\pgf@xa=\dimen165
\pgf@ya=\dimen166
\pgf@xb=\dimen167
\pgf@yb=\dimen168
\pgf@xc=\dimen169
\pgf@yc=\dimen170
\pgf@xd=\dimen171
\pgf@yd=\dimen172
\w@pgf@writea=\write4
\r@pgf@reada=\read2
\c@pgf@counta=\count280
\c@pgf@countb=\count281
\c@pgf@countc=\count282
\c@pgf@countd=\count283
\t@pgf@toka=\toks32
\t@pgf@tokb=\toks33
\t@pgf@tokc=\toks34
\pgf@sys@id@count=\count284
 (/usr/local/texlive/2023/texmf-dist/tex/generic/pgf/systemlayer/pgf.cfg
File: pgf.cfg 2023-01-15 v3.1.10 (3.1.10)
)
Driver file for pgf: pgfsys-pdftex.def
 (/usr/local/texlive/2023/texmf-dist/tex/generic/pgf/systemlayer/pgfsys-pdftex.def
File: pgfsys-pdftex.def 2023-01-15 v3.1.10 (3.1.10)
 (/usr/local/texlive/2023/texmf-dist/tex/generic/pgf/systemlayer/pgfsys-common-pdf.def
File: pgfsys-common-pdf.def 2023-01-15 v3.1.10 (3.1.10)
))) (/usr/local/texlive/2023/texmf-dist/tex/generic/pgf/systemlayer/pgfsyssoftpath.code.tex
File: pgfsyssoftpath.code.tex 2023-01-15 v3.1.10 (3.1.10)
\pgfsyssoftpath@smallbuffer@items=\count285
\pgfsyssoftpath@bigbuffer@items=\count286
) (/usr/local/texlive/2023/texmf-dist/tex/generic/pgf/systemlayer/pgfsysprotocol.code.tex
File: pgfsysprotocol.code.tex 2023-01-15 v3.1.10 (3.1.10)
)) (/usr/local/texlive/2023/texmf-dist/tex/latex/xcolor/xcolor.sty
Package: xcolor 2022/06/12 v2.14 LaTeX color extensions (UK)
 (/usr/local/texlive/2023/texmf-dist/tex/latex/graphics-cfg/color.cfg
File: color.cfg 2016/01/02 v1.6 sample color configuration
)
Package xcolor Info: Driver file: pdftex.def on input line 227.
 (/usr/local/texlive/2023/texmf-dist/tex/latex/graphics/mathcolor.ltx)
Package xcolor Info: Model `cmy' substituted by `cmy0' on input line 1353.
Package xcolor Info: Model `hsb' substituted by `rgb' on input line 1357.
Package xcolor Info: Model `RGB' extended on input line 1369.
Package xcolor Info: Model `HTML' substituted by `rgb' on input line 1371.
Package xcolor Info: Model `Hsb' substituted by `hsb' on input line 1372.
Package xcolor Info: Model `tHsb' substituted by `hsb' on input line 1373.
Package xcolor Info: Model `HSB' substituted by `hsb' on input line 1374.
Package xcolor Info: Model `Gray' substituted by `gray' on input line 1375.
Package xcolor Info: Model `wave' substituted by `hsb' on input line 1376.
) (/usr/local/texlive/2023/texmf-dist/tex/generic/pgf/basiclayer/pgfcore.code.tex
Package: pgfcore 2023-01-15 v3.1.10 (3.1.10)
 (/usr/local/texlive/2023/texmf-dist/tex/generic/pgf/math/pgfmath.code.tex (/usr/local/texlive/2023/texmf-dist/tex/generic/pgf/math/pgfmathutil.code.tex) (/usr/local/texlive/2023/texmf-dist/tex/generic/pgf/math/pgfmathparser.code.tex
\pgfmath@dimen=\dimen173
\pgfmath@count=\count287
\pgfmath@box=\box54
\pgfmath@toks=\toks35
\pgfmath@stack@operand=\toks36
\pgfmath@stack@operation=\toks37
) (/usr/local/texlive/2023/texmf-dist/tex/generic/pgf/math/pgfmathfunctions.code.tex) (/usr/local/texlive/2023/texmf-dist/tex/generic/pgf/math/pgfmathfunctions.basic.code.tex) (/usr/local/texlive/2023/texmf-dist/tex/generic/pgf/math/pgfmathfunctions.trigonometric.code.tex) (/usr/local/texlive/2023/texmf-dist/tex/generic/pgf/math/pgfmathfunctions.random.code.tex) (/usr/local/texlive/2023/texmf-dist/tex/generic/pgf/math/pgfmathfunctions.comparison.code.tex) (/usr/local/texlive/2023/texmf-dist/tex/generic/pgf/math/pgfmathfunctions.base.code.tex) (/usr/local/texlive/2023/texmf-dist/tex/generic/pgf/math/pgfmathfunctions.round.code.tex) (/usr/local/texlive/2023/texmf-dist/tex/generic/pgf/math/pgfmathfunctions.misc.code.tex) (/usr/local/texlive/2023/texmf-dist/tex/generic/pgf/math/pgfmathfunctions.integerarithmetics.code.tex) (/usr/local/texlive/2023/texmf-dist/tex/generic/pgf/math/pgfmathcalc.code.tex) (/usr/local/texlive/2023/texmf-dist/tex/generic/pgf/math/pgfmathfloat.code.tex
\c@pgfmathroundto@lastzeros=\count288
)) (/usr/local/texlive/2023/texmf-dist/tex/generic/pgf/math/pgfint.code.tex) (/usr/local/texlive/2023/texmf-dist/tex/generic/pgf/basiclayer/pgfcorepoints.code.tex
File: pgfcorepoints.code.tex 2023-01-15 v3.1.10 (3.1.10)
\pgf@picminx=\dimen174
\pgf@picmaxx=\dimen175
\pgf@picminy=\dimen176
\pgf@picmaxy=\dimen177
\pgf@pathminx=\dimen178
\pgf@pathmaxx=\dimen179
\pgf@pathminy=\dimen180
\pgf@pathmaxy=\dimen181
\pgf@xx=\dimen182
\pgf@xy=\dimen183
\pgf@yx=\dimen184
\pgf@yy=\dimen185
\pgf@zx=\dimen186
\pgf@zy=\dimen187
) (/usr/local/texlive/2023/texmf-dist/tex/generic/pgf/basiclayer/pgfcorepathconstruct.code.tex
File: pgfcorepathconstruct.code.tex 2023-01-15 v3.1.10 (3.1.10)
\pgf@path@lastx=\dimen188
\pgf@path@lasty=\dimen189
) (/usr/local/texlive/2023/texmf-dist/tex/generic/pgf/basiclayer/pgfcorepathusage.code.tex
File: pgfcorepathusage.code.tex 2023-01-15 v3.1.10 (3.1.10)
\pgf@shorten@end@additional=\dimen190
\pgf@shorten@start@additional=\dimen191
) (/usr/local/texlive/2023/texmf-dist/tex/generic/pgf/basiclayer/pgfcorescopes.code.tex
File: pgfcorescopes.code.tex 2023-01-15 v3.1.10 (3.1.10)
\pgfpic=\box55
\pgf@hbox=\box56
\pgf@layerbox@main=\box57
\pgf@picture@serial@count=\count289
) (/usr/local/texlive/2023/texmf-dist/tex/generic/pgf/basiclayer/pgfcoregraphicstate.code.tex
File: pgfcoregraphicstate.code.tex 2023-01-15 v3.1.10 (3.1.10)
\pgflinewidth=\dimen192
) (/usr/local/texlive/2023/texmf-dist/tex/generic/pgf/basiclayer/pgfcoretransformations.code.tex
File: pgfcoretransformations.code.tex 2023-01-15 v3.1.10 (3.1.10)
\pgf@pt@x=\dimen193
\pgf@pt@y=\dimen194
\pgf@pt@temp=\dimen195
) (/usr/local/texlive/2023/texmf-dist/tex/generic/pgf/basiclayer/pgfcorequick.code.tex
File: pgfcorequick.code.tex 2023-01-15 v3.1.10 (3.1.10)
) (/usr/local/texlive/2023/texmf-dist/tex/generic/pgf/basiclayer/pgfcoreobjects.code.tex
File: pgfcoreobjects.code.tex 2023-01-15 v3.1.10 (3.1.10)
) (/usr/local/texlive/2023/texmf-dist/tex/generic/pgf/basiclayer/pgfcorepathprocessing.code.tex
File: pgfcorepathprocessing.code.tex 2023-01-15 v3.1.10 (3.1.10)
) (/usr/local/texlive/2023/texmf-dist/tex/generic/pgf/basiclayer/pgfcorearrows.code.tex
File: pgfcorearrows.code.tex 2023-01-15 v3.1.10 (3.1.10)
\pgfarrowsep=\dimen196
) (/usr/local/texlive/2023/texmf-dist/tex/generic/pgf/basiclayer/pgfcoreshade.code.tex
File: pgfcoreshade.code.tex 2023-01-15 v3.1.10 (3.1.10)
\pgf@max=\dimen197
\pgf@sys@shading@range@num=\count290
\pgf@shadingcount=\count291
) (/usr/local/texlive/2023/texmf-dist/tex/generic/pgf/basiclayer/pgfcoreimage.code.tex
File: pgfcoreimage.code.tex 2023-01-15 v3.1.10 (3.1.10)
) (/usr/local/texlive/2023/texmf-dist/tex/generic/pgf/basiclayer/pgfcoreexternal.code.tex
File: pgfcoreexternal.code.tex 2023-01-15 v3.1.10 (3.1.10)
\pgfexternal@startupbox=\box58
) (/usr/local/texlive/2023/texmf-dist/tex/generic/pgf/basiclayer/pgfcorelayers.code.tex
File: pgfcorelayers.code.tex 2023-01-15 v3.1.10 (3.1.10)
) (/usr/local/texlive/2023/texmf-dist/tex/generic/pgf/basiclayer/pgfcoretransparency.code.tex
File: pgfcoretransparency.code.tex 2023-01-15 v3.1.10 (3.1.10)
) (/usr/local/texlive/2023/texmf-dist/tex/generic/pgf/basiclayer/pgfcorepatterns.code.tex
File: pgfcorepatterns.code.tex 2023-01-15 v3.1.10 (3.1.10)
) (/usr/local/texlive/2023/texmf-dist/tex/generic/pgf/basiclayer/pgfcorerdf.code.tex
File: pgfcorerdf.code.tex 2023-01-15 v3.1.10 (3.1.10)
))) (/usr/local/texlive/2023/texmf-dist/tex/generic/pgf/modules/pgfmoduleshapes.code.tex
File: pgfmoduleshapes.code.tex 2023-01-15 v3.1.10 (3.1.10)
\pgfnodeparttextbox=\box59
) (/usr/local/texlive/2023/texmf-dist/tex/generic/pgf/modules/pgfmoduleplot.code.tex
File: pgfmoduleplot.code.tex 2023-01-15 v3.1.10 (3.1.10)
) (/usr/local/texlive/2023/texmf-dist/tex/latex/pgf/compatibility/pgfcomp-version-0-65.sty
Package: pgfcomp-version-0-65 2023-01-15 v3.1.10 (3.1.10)
\pgf@nodesepstart=\dimen198
\pgf@nodesepend=\dimen199
) (/usr/local/texlive/2023/texmf-dist/tex/latex/pgf/compatibility/pgfcomp-version-1-18.sty
Package: pgfcomp-version-1-18 2023-01-15 v3.1.10 (3.1.10)
)) (/usr/local/texlive/2023/texmf-dist/tex/latex/pgf/utilities/pgffor.sty (/usr/local/texlive/2023/texmf-dist/tex/latex/pgf/utilities/pgfkeys.sty (/usr/local/texlive/2023/texmf-dist/tex/generic/pgf/utilities/pgfkeys.code.tex)) (/usr/local/texlive/2023/texmf-dist/tex/latex/pgf/math/pgfmath.sty (/usr/local/texlive/2023/texmf-dist/tex/generic/pgf/math/pgfmath.code.tex)) (/usr/local/texlive/2023/texmf-dist/tex/generic/pgf/utilities/pgffor.code.tex
Package: pgffor 2023-01-15 v3.1.10 (3.1.10)
\pgffor@iter=\dimen256
\pgffor@skip=\dimen257
\pgffor@stack=\toks38
\pgffor@toks=\toks39
)) (/usr/local/texlive/2023/texmf-dist/tex/generic/pgf/frontendlayer/tikz/tikz.code.tex
Package: tikz 2023-01-15 v3.1.10 (3.1.10)
 (/usr/local/texlive/2023/texmf-dist/tex/generic/pgf/libraries/pgflibraryplothandlers.code.tex
File: pgflibraryplothandlers.code.tex 2023-01-15 v3.1.10 (3.1.10)
\pgf@plot@mark@count=\count292
\pgfplotmarksize=\dimen258
)
\tikz@lastx=\dimen259
\tikz@lasty=\dimen260
\tikz@lastxsaved=\dimen261
\tikz@lastysaved=\dimen262
\tikz@lastmovetox=\dimen263
\tikz@lastmovetoy=\dimen264
\tikzleveldistance=\dimen265
\tikzsiblingdistance=\dimen266
\tikz@figbox=\box60
\tikz@figbox@bg=\box61
\tikz@tempbox=\box62
\tikz@tempbox@bg=\box63
\tikztreelevel=\count293
\tikznumberofchildren=\count294
\tikznumberofcurrentchild=\count295
\tikz@fig@count=\count296
 (/usr/local/texlive/2023/texmf-dist/tex/generic/pgf/modules/pgfmodulematrix.code.tex
File: pgfmodulematrix.code.tex 2023-01-15 v3.1.10 (3.1.10)
\pgfmatrixcurrentrow=\count297
\pgfmatrixcurrentcolumn=\count298
\pgf@matrix@numberofcolumns=\count299
)
\tikz@expandcount=\count300
 (/usr/local/texlive/2023/texmf-dist/tex/generic/pgf/frontendlayer/tikz/libraries/tikzlibrarytopaths.code.tex
File: tikzlibrarytopaths.code.tex 2023-01-15 v3.1.10 (3.1.10)
))) (/usr/local/texlive/2023/texmf-dist/tex/latex/amsmath/amsmath.sty
Package: amsmath 2022/04/08 v2.17n AMS math features
\@mathmargin=\skip60

For additional information on amsmath, use the `?' option.
(/usr/local/texlive/2023/texmf-dist/tex/latex/amsmath/amstext.sty
Package: amstext 2021/08/26 v2.01 AMS text
 (/usr/local/texlive/2023/texmf-dist/tex/latex/amsmath/amsgen.sty
File: amsgen.sty 1999/11/30 v2.0 generic functions
\@emptytoks=\toks40
\ex@=\dimen267
)) (/usr/local/texlive/2023/texmf-dist/tex/latex/amsmath/amsbsy.sty
Package: amsbsy 1999/11/29 v1.2d Bold Symbols
\pmbraise@=\dimen268
) (/usr/local/texlive/2023/texmf-dist/tex/latex/amsmath/amsopn.sty
Package: amsopn 2022/04/08 v2.04 operator names
)
\inf@bad=\count301
LaTeX Info: Redefining \frac on input line 234.
\uproot@=\count302
\leftroot@=\count303
LaTeX Info: Redefining \overline on input line 399.
LaTeX Info: Redefining \colon on input line 410.
\classnum@=\count304
\DOTSCASE@=\count305
LaTeX Info: Redefining \ldots on input line 496.
LaTeX Info: Redefining \dots on input line 499.
LaTeX Info: Redefining \cdots on input line 620.
\Mathstrutbox@=\box64
\strutbox@=\box65
LaTeX Info: Redefining \big on input line 722.
LaTeX Info: Redefining \Big on input line 723.
LaTeX Info: Redefining \bigg on input line 724.
LaTeX Info: Redefining \Bigg on input line 725.
\big@size=\dimen269
LaTeX Font Info:    Redeclaring font encoding OML on input line 743.
LaTeX Font Info:    Redeclaring font encoding OMS on input line 744.
\macc@depth=\count306
LaTeX Info: Redefining \bmod on input line 905.
LaTeX Info: Redefining \pmod on input line 910.
LaTeX Info: Redefining \smash on input line 940.
LaTeX Info: Redefining \relbar on input line 970.
LaTeX Info: Redefining \Relbar on input line 971.
\c@MaxMatrixCols=\count307
\dotsspace@=\muskip17
\c@parentequation=\count308
\dspbrk@lvl=\count309
\tag@help=\toks41
\row@=\count310
\column@=\count311
\maxfields@=\count312
\andhelp@=\toks42
\eqnshift@=\dimen270
\alignsep@=\dimen271
\tagshift@=\dimen272
\tagwidth@=\dimen273
\totwidth@=\dimen274
\lineht@=\dimen275
\@envbody=\toks43
\multlinegap=\skip61
\multlinetaggap=\skip62
\mathdisplay@stack=\toks44
LaTeX Info: Redefining \[ on input line 2953.
LaTeX Info: Redefining \] on input line 2954.
) (/usr/local/texlive/2023/texmf-dist/tex/latex/l3packages/xfrac/xfrac.sty (/usr/local/texlive/2023/texmf-dist/tex/latex/l3kernel/expl3.sty
Package: expl3 2023-05-22 L3 programming layer (loader) 
 (/usr/local/texlive/2023/texmf-dist/tex/latex/l3backend/l3backend-pdftex.def
File: l3backend-pdftex.def 2023-04-19 L3 backend support: PDF output (pdfTeX)
\l__color_backend_stack_int=\count313
\l__pdf_internal_box=\box66
)) (/usr/local/texlive/2023/texmf-dist/tex/latex/l3packages/l3keys2e/l3keys2e.sty
Package: l3keys2e 2023-02-02 LaTeX2e option processing using LaTeX3 keys
) (/usr/local/texlive/2023/texmf-dist/tex/latex/base/textcomp.sty
Package: textcomp 2020/02/02 v2.0n Standard LaTeX package
) (/usr/local/texlive/2023/texmf-dist/tex/latex/l3packages/xparse/xparse.sty
Package: xparse 2023-02-02 L3 Experimental document command parser
) (/usr/local/texlive/2023/texmf-dist/tex/latex/l3packages/xtemplate/xtemplate.sty
Package: xtemplate 2023-02-02 L3 Experimental prototype document functions
\l__xtemplate_tmp_dim=\dimen276
\l__xtemplate_tmp_int=\count314
\l__xtemplate_tmp_muskip=\muskip18
\l__xtemplate_tmp_skip=\skip63
)
Package: xfrac 2023-02-02 L3 Experimental split-level fractions
\l__xfrac_slash_box=\box67
\l__xfrac_tmp_box=\box68
\l__xfrac_denominator_bot_sep_dim=\dimen277
\l__xfrac_numerator_bot_sep_dim=\dimen278
\l__xfrac_numerator_top_sep_dim=\dimen279
\l__xfrac_slash_left_sep_dim=\dimen280
\l__xfrac_slash_right_sep_dim=\dimen281
\l__xfrac_slash_left_muskip=\muskip19
\l__xfrac_slash_right_muskip=\muskip20

Package xtemplate Info: Declaring object type 'xfrac' taking 3 argument(s) on
(xtemplate)             line 80.

) (/usr/local/texlive/2023/texmf-dist/tex/latex/units/nicefrac.sty
Package: nicefrac 1998/08/04 v0.9b Nice fractions
\L@UnitsRaiseDisplaystyle=\skip64
\L@UnitsRaiseTextstyle=\skip65
\L@UnitsRaiseScriptstyle=\skip66
 (/usr/local/texlive/2023/texmf-dist/tex/latex/base/ifthen.sty
Package: ifthen 2022/04/13 v1.1d Standard LaTeX ifthen package (DPC)
)) (/usr/local/texlive/2023/texmf-dist/tex/generic/pgf/libraries/pgflibraryarrows.meta.code.tex
File: pgflibraryarrows.meta.code.tex 2023-01-15 v3.1.10 (3.1.10)
\pgfarrowinset=\dimen282
\pgfarrowlength=\dimen283
\pgfarrowwidth=\dimen284
\pgfarrowlinewidth=\dimen285
)
Package: chemformula 2022/01/23 v4.17 typeset chemical compounds and reactions (CN)
\l__chemformula_tmpa_dim=\dimen286
\l__chemformula_tmpb_dim=\dimen287
\l__chemformula_tmpc_dim=\dimen288
\l__chemformula_tmpa_int=\count315
\l__chemformula_tmpb_int=\count316
\l__chemformula_tmpc_int=\count317
\l__chemformula_tmpa_box=\box69
\l__chemformula_tmpb_box=\box70
\l__chemformula_arrow_length_dim=\dimen289
\l__chemformula_arrow_label_height_dim=\dimen290
\l__chemformula_arrow_label_offset_dim=\dimen291
\l__chemformula_arrow_minimum_length_dim=\dimen292
\l__chemformula_arrow_shortage_dim=\dimen293
\l__chemformula_arrow_offset_dim=\dimen294
\l__chemformula_arrow_yshift_dim=\dimen295
\l__chemformula_radical_radius_dim=\dimen296
\l__chemformula_radical_hshift_dim=\dimen297
\l__chemformula_radical_vshift_dim=\dimen298
\l__chemformula_radical_space_dim=\dimen299
\l__chemformula_arrow_head_dim=\dimen300
\l__chemformula_name_dim=\dimen301
\l__chemformula_adduct_space_dim=\dimen302
\l__chemformula_charge_shift_dim=\dimen303
\l__chemformula_subscript_shift_dim=\dimen304
\l__chemformula_superscript_shift_dim=\dimen305
\l__chemformula_subscript_dim=\dimen306
\l__chemformula_superscript_dim=\dimen307
\l__chemformula_bond_dim=\dimen308
\l__chemformula_bond_space_dim=\dimen309
\l__chemformula_elspec_pair_distance_dim=\dimen310
\l__chemformula_elspec_pair_line_length_dim=\dimen311
\l__chemformula_elspec_pair_width_dim=\dimen312
\l__chemformula_kroegervink_positive_radius_dim=\dimen313
\l__chemformula_kroegervink_positive_hshift_dim=\dimen314
\l__chemformula_kroegervink_positive_vshift_dim=\dimen315
\l__chemformula_kroegervink_positive_space_dim=\dimen316
\l__chemformula_stoich_space_skip=\skip67
\l__chemformula_math_space_skip=\skip68
\l__chemformula_additions_symbol_space_skip=\skip69
\l__chemformula_count_tokens_int=\count318
\g__chemformula_lewis_int=\count319
\l__chemformula_arrow_arg_i_box=\box71
\l__chemformula_arrow_arg_ii_box=\box72
\l__chemformula_superscript_box=\box73
\l__chemformula_subscript_box=\box74
\l__chemformula_plus_space_skip=\skip70
\l__chemformula_minus_space_skip=\skip71
) (/usr/local/texlive/2023/texmf-dist/tex/latex/base/fontenc.sty
Package: fontenc 2021/04/29 v2.0v Standard LaTeX package
) (/usr/local/texlive/2023/texmf-dist/tex/latex/hyperref/hyperref.sty
Package: hyperref 2023-04-22 v7.00x Hypertext links for LaTeX
 (/usr/local/texlive/2023/texmf-dist/tex/generic/ltxcmds/ltxcmds.sty
Package: ltxcmds 2020-05-10 v1.25 LaTeX kernel commands for general use (HO)
) (/usr/local/texlive/2023/texmf-dist/tex/generic/pdftexcmds/pdftexcmds.sty
Package: pdftexcmds 2020-06-27 v0.33 Utility functions of pdfTeX for LuaTeX (HO)
 (/usr/local/texlive/2023/texmf-dist/tex/generic/infwarerr/infwarerr.sty
Package: infwarerr 2019/12/03 v1.5 Providing info/warning/error messages (HO)
)
Package pdftexcmds Info: \pdf@primitive is available.
Package pdftexcmds Info: \pdf@ifprimitive is available.
Package pdftexcmds Info: \pdfdraftmode found.
) (/usr/local/texlive/2023/texmf-dist/tex/latex/kvsetkeys/kvsetkeys.sty
Package: kvsetkeys 2022-10-05 v1.19 Key value parser (HO)
) (/usr/local/texlive/2023/texmf-dist/tex/generic/kvdefinekeys/kvdefinekeys.sty
Package: kvdefinekeys 2019-12-19 v1.6 Define keys (HO)
) (/usr/local/texlive/2023/texmf-dist/tex/generic/pdfescape/pdfescape.sty
Package: pdfescape 2019/12/09 v1.15 Implements pdfTeX's escape features (HO)
) (/usr/local/texlive/2023/texmf-dist/tex/latex/hycolor/hycolor.sty
Package: hycolor 2020-01-27 v1.10 Color options for hyperref/bookmark (HO)
) (/usr/local/texlive/2023/texmf-dist/tex/latex/letltxmacro/letltxmacro.sty
Package: letltxmacro 2019/12/03 v1.6 Let assignment for LaTeX macros (HO)
) (/usr/local/texlive/2023/texmf-dist/tex/latex/auxhook/auxhook.sty
Package: auxhook 2019-12-17 v1.6 Hooks for auxiliary files (HO)
) (/usr/local/texlive/2023/texmf-dist/tex/latex/hyperref/nameref.sty
Package: nameref 2022-05-17 v2.50 Cross-referencing by name of section
 (/usr/local/texlive/2023/texmf-dist/tex/latex/refcount/refcount.sty
Package: refcount 2019/12/15 v3.6 Data extraction from label references (HO)
) (/usr/local/texlive/2023/texmf-dist/tex/generic/gettitlestring/gettitlestring.sty
Package: gettitlestring 2019/12/15 v1.6 Cleanup title references (HO)
 (/usr/local/texlive/2023/texmf-dist/tex/latex/kvoptions/kvoptions.sty
Package: kvoptions 2022-06-15 v3.15 Key value format for package options (HO)
))
\c@section@level=\count320
) (/usr/local/texlive/2023/texmf-dist/tex/latex/etoolbox/etoolbox.sty
Package: etoolbox 2020/10/05 v2.5k e-TeX tools for LaTeX (JAW)
\etb@tempcnta=\count321
)
\@linkdim=\dimen317
\Hy@linkcounter=\count322
\Hy@pagecounter=\count323
 (/usr/local/texlive/2023/texmf-dist/tex/latex/hyperref/pd1enc.def
File: pd1enc.def 2023-04-22 v7.00x Hyperref: PDFDocEncoding definition (HO)
Now handling font encoding PD1 ...
... no UTF-8 mapping file for font encoding PD1
) (/usr/local/texlive/2023/texmf-dist/tex/generic/intcalc/intcalc.sty
Package: intcalc 2019/12/15 v1.3 Expandable calculations with integers (HO)
)
\Hy@SavedSpaceFactor=\count324
 (/usr/local/texlive/2023/texmf-dist/tex/latex/hyperref/puenc.def
File: puenc.def 2023-04-22 v7.00x Hyperref: PDF Unicode definition (HO)
Now handling font encoding PU ...
... no UTF-8 mapping file for font encoding PU
)
Package hyperref Info: Hyper figures OFF on input line 4182.
Package hyperref Info: Link nesting OFF on input line 4187.
Package hyperref Info: Hyper index ON on input line 4190.
Package hyperref Info: Plain pages OFF on input line 4197.
Package hyperref Info: Backreferencing OFF on input line 4202.
Package hyperref Info: Implicit mode ON; LaTeX internals redefined.
Package hyperref Info: Bookmarks ON on input line 4449.
\c@Hy@tempcnt=\count325
LaTeX Info: Redefining \url on input line 4787.
\XeTeXLinkMargin=\dimen318
 (/usr/local/texlive/2023/texmf-dist/tex/generic/bitset/bitset.sty
Package: bitset 2019/12/09 v1.3 Handle bit-vector datatype (HO)
 (/usr/local/texlive/2023/texmf-dist/tex/generic/bigintcalc/bigintcalc.sty
Package: bigintcalc 2019/12/15 v1.5 Expandable calculations on big integers (HO)
))
\Fld@menulength=\count326
\Field@Width=\dimen319
\Fld@charsize=\dimen320
Package hyperref Info: Hyper figures OFF on input line 6066.
Package hyperref Info: Link nesting OFF on input line 6071.
Package hyperref Info: Hyper index ON on input line 6074.
Package hyperref Info: backreferencing OFF on input line 6081.
Package hyperref Info: Link coloring OFF on input line 6086.
Package hyperref Info: Link coloring with OCG OFF on input line 6091.
Package hyperref Info: PDF/A mode OFF on input line 6096.
 (/usr/local/texlive/2023/texmf-dist/tex/latex/base/atbegshi-ltx.sty
Package: atbegshi-ltx 2021/01/10 v1.0c Emulation of the original atbegshi
package with kernel methods
)
\Hy@abspage=\count327
\c@Item=\count328
\c@Hfootnote=\count329
)
Package hyperref Info: Driver (autodetected): hpdftex.
 (/usr/local/texlive/2023/texmf-dist/tex/latex/hyperref/hpdftex.def
File: hpdftex.def 2023-04-22 v7.00x Hyperref driver for pdfTeX
 (/usr/local/texlive/2023/texmf-dist/tex/latex/base/atveryend-ltx.sty
Package: atveryend-ltx 2020/08/19 v1.0a Emulation of the original atveryend package
with kernel methods
)
\Fld@listcount=\count330
\c@bookmark@seq@number=\count331
 (/usr/local/texlive/2023/texmf-dist/tex/latex/rerunfilecheck/rerunfilecheck.sty
Package: rerunfilecheck 2022-07-10 v1.10 Rerun checks for auxiliary files (HO)
 (/usr/local/texlive/2023/texmf-dist/tex/generic/uniquecounter/uniquecounter.sty
Package: uniquecounter 2019/12/15 v1.4 Provide unlimited unique counter (HO)
)
Package uniquecounter Info: New unique counter `rerunfilecheck' on input line 285.
)
\Hy@SectionHShift=\skip72
) (/usr/local/texlive/2023/texmf-dist/tex/latex/subfig/subfig.sty
Package: subfig 2005/06/28 ver: 1.3 subfig package
\c@KVtest=\count332
\sf@farskip=\skip73
\sf@captopadj=\dimen321
\sf@capskip=\skip74
\sf@nearskip=\skip75
\c@subfigure=\count333
\c@subfigure@save=\count334
\c@lofdepth=\count335
\c@subtable=\count336
\c@subtable@save=\count337
\c@lotdepth=\count338
\sf@top=\skip76
\sf@bottom=\skip77
) (/usr/local/texlive/2023/texmf-dist/tex/latex/amsfonts/amssymb.sty
Package: amssymb 2013/01/14 v3.01 AMS font symbols
 (/usr/local/texlive/2023/texmf-dist/tex/latex/amsfonts/amsfonts.sty
Package: amsfonts 2013/01/14 v3.01 Basic AMSFonts support
\symAMSa=\mathgroup4
\symAMSb=\mathgroup5
LaTeX Font Info:    Redeclaring math symbol \hbar on input line 98.
LaTeX Font Info:    Overwriting math alphabet `\mathfrak' in version `bold'
(Font)                  U/euf/m/n --> U/euf/b/n on input line 106.
)) (/usr/local/texlive/2023/texmf-dist/tex/latex/booktabs/booktabs.sty
Package: booktabs 2020/01/12 v1.61803398 Publication quality tables
\heavyrulewidth=\dimen322
\lightrulewidth=\dimen323
\cmidrulewidth=\dimen324
\belowrulesep=\dimen325
\belowbottomsep=\dimen326
\aboverulesep=\dimen327
\abovetopsep=\dimen328
\cmidrulesep=\dimen329
\cmidrulekern=\dimen330
\defaultaddspace=\dimen331
\@cmidla=\count339
\@cmidlb=\count340
\@aboverulesep=\dimen332
\@belowrulesep=\dimen333
\@thisruleclass=\count341
\@lastruleclass=\count342
\@thisrulewidth=\dimen334
)

LaTeX Warning: Unused global option(s):
    [journal=jacsat,manuscript=article].

(./achemso-demo.aux)
\openout1 = `achemso-demo.aux'.

LaTeX Font Info:    Checking defaults for OML/cmm/m/it on input line 98.
LaTeX Font Info:    ... okay on input line 98.
LaTeX Font Info:    Checking defaults for OMS/cmsy/m/n on input line 98.
LaTeX Font Info:    ... okay on input line 98.
LaTeX Font Info:    Checking defaults for OT1/cmr/m/n on input line 98.
LaTeX Font Info:    ... okay on input line 98.
LaTeX Font Info:    Checking defaults for T1/cmr/m/n on input line 98.
LaTeX Font Info:    ... okay on input line 98.
LaTeX Font Info:    Checking defaults for TS1/cmr/m/n on input line 98.
LaTeX Font Info:    ... okay on input line 98.
LaTeX Font Info:    Checking defaults for OMX/cmex/m/n on input line 98.
LaTeX Font Info:    ... okay on input line 98.
LaTeX Font Info:    Checking defaults for U/cmr/m/n on input line 98.
LaTeX Font Info:    ... okay on input line 98.
LaTeX Font Info:    Checking defaults for PD1/pdf/m/n on input line 98.
LaTeX Font Info:    ... okay on input line 98.
LaTeX Font Info:    Checking defaults for PU/pdf/m/n on input line 98.
LaTeX Font Info:    ... okay on input line 98.
\openout3 = `acs-achemso-demo.bib'.


*geometry* driver: auto-detecting
*geometry* detected driver: pdftex
*geometry* verbose mode - [ preamble ] result:
* driver: pdftex
* paper: <default>
* layout: <same size as paper>
* layoutoffset:(h,v)=(0.0pt,0.0pt)
* modes: 
* h-part:(L,W,R)=(72.2698pt, 469.75539pt, 72.2698pt)
* v-part:(T,H,B)=(72.2698pt, 650.43037pt, 72.2698pt)
* \paperwidth=614.295pt
* \paperheight=794.96999pt
* \textwidth=469.75539pt
* \textheight=650.43037pt
* \oddsidemargin=-0.00018pt
* \evensidemargin=-0.00018pt
* \topmargin=-37.00018pt
* \headheight=12.0pt
* \headsep=25.0pt
* \topskip=12.0pt
* \footskip=30.0pt
* \marginparwidth=44.0pt
* \marginparsep=10.0pt
* \columnsep=10.0pt
* \skip\footins=10.8pt plus 4.0pt minus 2.0pt
* \hoffset=0.0pt
* \voffset=0.0pt
* \mag=1000
* \@twocolumnfalse
* \@twosidefalse
* \@mparswitchfalse
* \@reversemarginfalse
* (1in=72.27pt=25.4mm, 1cm=28.453pt)

Package caption Info: Begin \AtBeginDocument code.
Package caption Info: subfig package v1.3 is loaded.
Package caption Info: float package is loaded.
Package caption Info: hyperref package is loaded.
Package caption Info: End \AtBeginDocument code.
(/usr/local/texlive/2023/texmf-dist/tex/context/base/mkii/supp-pdf.mkii
[Loading MPS to PDF converter (version 2006.09.02).]
\scratchcounter=\count343
\scratchdimen=\dimen335
\scratchbox=\box75
\nofMPsegments=\count344
\nofMParguments=\count345
\everyMPshowfont=\toks45
\MPscratchCnt=\count346
\MPscratchDim=\dimen336
\MPnumerator=\count347
\makeMPintoPDFobject=\count348
\everyMPtoPDFconversion=\toks46
) (/usr/local/texlive/2023/texmf-dist/tex/latex/epstopdf-pkg/epstopdf-base.sty
Package: epstopdf-base 2020-01-24 v2.11 Base part for package epstopdf
Package epstopdf-base Info: Redefining graphics rule for `.eps' on input line 485.
 (/usr/local/texlive/2023/texmf-dist/tex/latex/latexconfig/epstopdf-sys.cfg
File: epstopdf-sys.cfg 2010/07/13 v1.3 Configuration of (r)epstopdf for TeX Live
))
Package hyperref Info: Link coloring OFF on input line 98.
\@outlinefile=\write5
\openout5 = `achemso-demo.out'.

LaTeX Font Info:    Trying to load font information for T1+cmss on input line 99.
 (/usr/local/texlive/2023/texmf-dist/tex/latex/base/t1cmss.fd
File: t1cmss.fd 2022/07/10 v2.5l Standard LaTeX font definitions
)
LaTeX Font Info:    Trying to load font information for U+msa on input line 99.
 (/usr/local/texlive/2023/texmf-dist/tex/latex/amsfonts/umsa.fd
File: umsa.fd 2013/01/14 v3.01 AMS symbols A
)
LaTeX Font Info:    Trying to load font information for U+msb on input line 99.
 (/usr/local/texlive/2023/texmf-dist/tex/latex/amsfonts/umsb.fd
File: umsb.fd 2013/01/14 v3.01 AMS symbols B
)
LaTeX Font Info:    Trying to load font information for T1+cmtt on input line 139.
 (/usr/local/texlive/2023/texmf-dist/tex/latex/base/t1cmtt.fd
File: t1cmtt.fd 2022/07/10 v2.5l Standard LaTeX font definitions
) [1

{/usr/local/texlive/2023/texmf-var/fonts/map/pdftex/updmap/pdftex.map}{/usr/local/texlive/2023/texmf-dist/fonts/enc/dvips/cm-super/cm-super-t1.enc}]

Package natbib Warning: Citation `Mena2000' on page 2 undefined on input line 171.


Package natbib Warning: Citation `Abernethy2003' on page 2 undefined on input line 171.


Package natbib Warning: Citation `Friedman-Hill2003' on page 2 undefined on input line 171.


Package natbib Warning: Citation `EuropeanCommission2008' on page 2 undefined on input line 171.


Package natbib Warning: Citation `Abernethy2003' on page 2 undefined on input line 173.


Package natbib Warning: Citation `Cotton1999' on page 2 undefined on input line 174.


Package natbib Warning: Citation `Mena2000' on page 2 undefined on input line 175.


Package natbib Warning: Citation `Pople2003' on page 2 undefined on input line 177.


Package natbib Warning: Citation `Johnson1972' on page 2 undefined on input line 186.


LaTeX Warning: Reference `MciteSubReferenceLabel:main:Eisenstein2005' on page 2 undefined on input line 192.

[2]

Package natbib Warning: Citation `Note-1' on page 3 undefined on input line 197.


Package natbib Warning: Citation `Cotton1999' undefined on input line 201.


Package natbib Warning: Citation `Note-2' on page 3 undefined on input line 201.


LaTeX Warning: Reference `sch:example' on page 3 undefined on input line 206.

Package hyperref Info: bookmark level for unknown scheme defaults to 0 on input line 215.
[3]

LaTeX Warning: Reference `eqn:example' on page 4 undefined on input line 247.


LaTeX Warning: Reference `eqn:Attention' on page 4 undefined on input line 266.

[4]
/home/amfe/Desktop/msiPL-master/achemso/achemso-demo.tex:280: Undefined control sequence.
l.280 \threesubsection
                      {Experimental datasets} \\
The control sequence at the end of the top line
of your error message was never \def'ed. If you have
misspelled it (e.g., `\hobx'), type `I' and the correct
spelling (e.g., `I\hbox'). Otherwise just continue,
and I'll forget about whatever was undefined.


Package natbib Warning: Citation `oetjen2015benchmark' on page 5 undefined on input line 284.


Package natbib Warning: Citation `abdelmoula2021peak' on page 5 undefined on input line 285.


Package natbib Warning: Citation `race2012inclusive' on page 5 undefined on input line 303.

/home/amfe/Desktop/msiPL-master/achemso/achemso-demo.tex:305: Undefined control sequence.
l.305 \subsubsubsection
                       {Data Processing}
The control sequence at the end of the top line
of your error message was never \def'ed. If you have
misspelled it (e.g., `\hobx'), type `I' and the correct
spelling (e.g., `I\hbox'). Otherwise just continue,
and I'll forget about whatever was undefined.


Overfull \hbox (5.99905pt too wide) in paragraph at lines 308--315
\T1/cmr/m/n/12 hu-man prostate can-cer dataset), and its length is de-fined by $\OML/cmm/m/it/12 d$\T1/cmr/m/n/12 . Spec-tra $\OML/cmm/m/it/12 X \OT1/cmr/m/n/12 = \OMS/cmsy/m/n/12 f\OML/cmm/m/it/12 x[]; x[]; :::; x[]\OMS/cmsy/m/n/12 g$
 []

[5]
<dotproductAttn.png, id=71, 492.84125pt x 551.05875pt>
File: dotproductAttn.png Graphic file (type png)
<use dotproductAttn.png>
Package pdftex.def Info: dotproductAttn.png  used on input line 346.
(pdftex.def)             Requested size: 117.43884pt x 131.30664pt.
<mulheadAttn.png, id=73, 564.1075pt x 607.26875pt>
File: mulheadAttn.png Graphic file (type png)
<use mulheadAttn.png>
Package pdftex.def Info: mulheadAttn.png  used on input line 352.
(pdftex.def)             Requested size: 117.43884pt x 126.41826pt.
<Transformerencoder.png, id=74, 256.96pt x 276.03125pt>
File: Transformerencoder.png Graphic file (type png)
<use Transformerencoder.png>
Package pdftex.def Info: Transformerencoder.png  used on input line 358.
(pdftex.def)             Requested size: 117.43884pt x 126.15459pt.
<model.png, id=75, 728.4816pt x 971.3088pt>
File: model.png Graphic file (type png)
<use model.png>
Package pdftex.def Info: model.png  used on input line 364.
(pdftex.def)             Requested size: 117.43884pt x 156.58344pt.

Overfull \hbox (31.32567pt too wide) in paragraph at lines 346--365
 [][][][][][][][] 
 []


Package natbib Warning: Citation `vaswani2017attention' on page 6 undefined on input line 372.


LaTeX Warning: Reference `fig:Transformerencoder' on page 6 undefined on input line 373.

[6]

LaTeX Warning: Reference `fig:dotproductAttn' on page 7 undefined on input line 399.


Package natbib Warning: Citation `vaswani2017attention' on page 7 undefined on input line 399.


LaTeX Warning: Reference `fig:mulheadAttn' on page 7 undefined on input line 413.


LaTeX Warning: Reference `fig:mulheadAttn' on page 7 undefined on input line 417.

[7 <./dotproductAttn.png> <./mulheadAttn.png> <./transformerencoder.png> <./model.png>]

LaTeX Warning: Reference `eqn:Attention' on page 8 undefined on input line 431.


Package natbib Warning: Citation `he2016deep' on page 8 undefined on input line 445.


Package natbib Warning: Citation `hochreiter2001gradient' on page 8 undefined on input line 446.

[8]

Package natbib Warning: Citation `kingma2013auto' on page 9 undefined on input line 471.


Package natbib Warning: Citation `reynolds2000speaker' on page 9 undefined on input line 490.

[9]
Overfull \hbox (7.89587pt too wide) in paragraph at lines 518--523
\T1/cmr/m/n/12 tioned pre-vi-ously, the used datasets are as-sessible at []https://www.metabolomicsworkbench.org[]
 []


Package natbib Warning: Citation `nair2010rectified' on page 10 undefined on input line 542.

[10{/usr/local/texlive/2023/texmf-dist/fonts/enc/dvips/cm-super/cm-super-ts1.enc}]

LaTeX Warning: Reference `fig:Training_pro' on page 11 undefined on input line 558.


LaTeX Warning: Reference `fig:loss_pro' on page 11 undefined on input line 561.


LaTeX Warning: Reference `fig:encoder_feature_2D_train_pro' on page 11 undefined on input line 564.


LaTeX Warning: Reference `fig:spesific_restruct_train_pro' on page 11 undefined on input line 575.


LaTeX Warning: Reference `ori_pre' on page 11 undefined on input line 575.


LaTeX Warning: Reference `fig:op_pro' on page 11 undefined on input line 581.


Package natbib Warning: Citation `gleason1974prediction' on page 11 undefined on input line 581.


LaTeX Warning: Reference `fig:clusters_pro' on page 11 undefined on input line 585.

[11]

LaTeX Warning: Reference `fig:selected_cluster_pro' on page 12 undefined on input line 589.


Overfull \hbox (31.71213pt too wide) in paragraph at lines 601--629
\T1/cmr/m/n/12 Pentadecanoyl-2-eicosenoyl-sn-glycero-3-phosphocholine, 1-Eicosenoyl-2-pentadecanoyl-sn-glycero-
 []


Overfull \hbox (20.15666pt too wide) in paragraph at lines 601--629
\T1/cmr/m/n/12 3-phosphocholine, 1-Myristoyl-2-nervonoyl-sn-glycero-3-phosphoethanolamine, and 1-Nervonoyl-
 []

<loss_pro.png, id=134, 417.7206pt x 312.2064pt>
File: loss_pro.png Graphic file (type png)
<use loss_pro.png>
Package pdftex.def Info: loss_pro.png  used on input line 656.
(pdftex.def)             Requested size: 234.87769pt x 175.54897pt.
<pic/encoder_feature_2D_train_pro.png, id=135, 790.6338pt x 796.4154pt>
File: pic/encoder_feature_2D_train_pro.png Graphic file (type png)
<use pic/encoder_feature_2D_train_pro.png>
Package pdftex.def Info: pic/encoder_feature_2D_train_pro.png  used on input line 661.
(pdftex.def)             Requested size: 178.50934pt x 179.8055pt.
<spesific_restruct_train_pro.png, id=136, 372.9132pt x 281.1303pt>
File: spesific_restruct_train_pro.png Graphic file (type png)
<use spesific_restruct_train_pro.png>
Package pdftex.def Info: spesific_restruct_train_pro.png  used on input line 667.
(pdftex.def)             Requested size: 469.7593pt x 130.08507pt.

Overfull \hbox (7.83533pt too wide) in paragraph at lines 667--668
 [][] 
 []

<./pic/prostate/clusters.png, id=137, 212.4738pt x 281.1303pt>
File: ./pic/prostate/clusters.png Graphic file (type png)
<use ./pic/prostate/clusters.png>
Package pdftex.def Info: ./pic/prostate/clusters.png  used on input line 673.
(pdftex.def)             Requested size: 93.94963pt x 124.30684pt.
<./pic/prostate/selected.png, id=138, 212.4738pt x 281.1303pt>
File: ./pic/prostate/selected.png Graphic file (type png)
<use ./pic/prostate/selected.png>
Package pdftex.def Info: ./pic/prostate/selected.png  used on input line 678.
(pdftex.def)             Requested size: 93.94963pt x 124.30684pt.
<./pic/prostate/selected_mz.png, id=139, 212.4738pt x 281.1303pt>
File: ./pic/prostate/selected_mz.png Graphic file (type png)
<use ./pic/prostate/selected_mz.png>
Package pdftex.def Info: ./pic/prostate/selected_mz.png  used on input line 683.
(pdftex.def)             Requested size: 93.94963pt x 124.30684pt.
<./pic/prostate/op.png, id=140, 179.67125pt x 252.945pt>
File: ./pic/prostate/op.png Graphic file (type png)
<use ./pic/prostate/op.png>
Package pdftex.def Info: ./pic/prostate/op.png  used on input line 688.
(pdftex.def)             Requested size: 86.9036pt x 122.34624pt.

Underfull \hbox (badness 2245) in paragraph at lines 688--688
[]\T1/cmr/m/n/10 (g) |histopatho-log-i-cal
 []


Overfull \hbox (8.22208pt too wide) in paragraph at lines 633--692
\T1/cmr/m/n/12 eicosenoyl)-glycero-3-phosphoserine, 1-eicosyl-2-(9Z-octadecenoyl)-glycero-3-phosphoserine, 1-
 []


Overfull \hbox (4.91125pt too wide) in paragraph at lines 633--692
\T1/cmr/m/n/12 eicosyl-2-(6Z,9Z,12Z-octadecatrienoyl)-glycero-3-phospho-(1'-sn-glycerol) and so on. All these
 []


Overfull \hbox (5.53801pt too wide) in paragraph at lines 633--692
\T1/cmr/m/n/12 database, Metabolomics Work-bench (https://www.metabolomicsworkbench.org/), with study
 []

[12]

LaTeX Warning: Reference `fig:Training' on page 13 undefined on input line 699.


LaTeX Warning: Reference `fig:k_fold' on page 13 undefined on input line 701.


LaTeX Warning: Reference `fig:loss' on page 13 undefined on input line 713.

[13] [14 <./loss_pro.png> <./pic/encoder_feature_2D_train_pro.png> <./spesific_restruct_train_pro.png> <./pic/prostate/clusters.png> <./pic/prostate/selected.png> <./pic/prostate/selected_mz.png> <./pic/prostate/op.png>]

LaTeX Warning: Reference `fig:spesific_restruct_train' on page 15 undefined on input line 726.


LaTeX Warning: Reference `fig:encoder_feature_3D_test' on page 15 undefined on input line 730.


Package natbib Warning: Citation `abdelmoula2018interactive' on page 15 undefined on input line 737.


Package natbib Warning: Citation `oetjen2015benchmark' on page 15 undefined on input line 737.


LaTeX Warning: Reference `fig:clustering_1' on page 15 undefined on input line 739.


LaTeX Warning: Reference `fig:clustering_11' on page 15 undefined on input line 739.


LaTeX Warning: Reference `fig:clustering_13' on page 15 undefined on input line 739.


LaTeX Warning: Reference `fig:clustering_4' on page 15 undefined on input line 744.

<k_fold.png, id=170, 375.804pt x 284.7438pt>
File: k_fold.png Graphic file (type png)
<use k_fold.png>
Package pdftex.def Info: k_fold.png  used on input line 760.
(pdftex.def)             Requested size: 194.2924pt x 147.21603pt.
<loss.png, id=171, 411.2163pt x 312.2064pt>
File: loss.png Graphic file (type png)
<use loss.png>
Package pdftex.def Info: loss.png  used on input line 766.
(pdftex.def)             Requested size: 159.15488pt x 120.83582pt.
<pic/encoder_feature_3D_train.png, id=172, 801.4743pt x 794.2473pt>
File: pic/encoder_feature_3D_train.png Graphic file (type png)
<use pic/encoder_feature_3D_train.png>
Package pdftex.def Info: pic/encoder_feature_3D_train.png  used on input line 774.
(pdftex.def)             Requested size: 258.36688pt x 256.03069pt.

Overfull \hbox (7.83142pt too wide) in paragraph at lines 774--775
[][] 
 []

<spesific_restruct_train.png, id=173, 372.9132pt x 281.1303pt>
File: spesific_restruct_train.png Graphic file (type png)
<use spesific_restruct_train.png>
Package pdftex.def Info: spesific_restruct_train.png  used on input line 783.
(pdftex.def)             Requested size: 234.87964pt x 130.08507pt.
<spesific_restruct_test.png, id=174, 372.9132pt x 281.1303pt>
File: spesific_restruct_test.png Graphic file (type png)
<use spesific_restruct_test.png>
Package pdftex.def Info: spesific_restruct_test.png  used on input line 783.
(pdftex.def)             Requested size: 234.87964pt x 130.08507pt.

Overfull \hbox (11.75102pt too wide) in paragraph at lines 783--784
 [][] 
 []

<../Results_CV/Section3/clusters .png, id=175, 55.6479pt x 52.0344pt>
File: ../Results_CV/Section3/clusters .png Graphic file (type png)
<use ../Results_CV/Section3/clusters .png>
Package pdftex.def Info: ../Results_CV/Section3/clusters .png  used on input line 793.
(pdftex.def)             Requested size: 93.96161pt x 89.10913pt.
<../Results_CV/Section3/cluster35.png, id=176, 55.6479pt x 52.0344pt>
File: ../Results_CV/Section3/cluster35.png Graphic file (type png)
<use ../Results_CV/Section3/cluster35.png>
Package pdftex.def Info: ../Results_CV/Section3/cluster35.png  used on input line 793.
(pdftex.def)             Requested size: 93.96161pt x 89.10913pt.
<../Results_CV/Section3/cluster3.png, id=177, 55.6479pt x 52.0344pt>
File: ../Results_CV/Section3/cluster3.png Graphic file (type png)
<use ../Results_CV/Section3/cluster3.png>
Package pdftex.def Info: ../Results_CV/Section3/cluster3.png  used on input line 793.
(pdftex.def)             Requested size: 93.96161pt x 89.10913pt.
<../Results_CV/Section3/cluster5.png, id=178, 55.6479pt x 52.0344pt>
File: ../Results_CV/Section3/cluster5.png Graphic file (type png)
<use ../Results_CV/Section3/cluster5.png>
Package pdftex.def Info: ../Results_CV/Section3/cluster5.png  used on input line 793.
(pdftex.def)             Requested size: 93.96161pt x 89.10913pt.
<../Results_CV/Section3/op.png, id=179, 566.5968pt x 392.4261pt>
File: ../Results_CV/Section3/op.png Graphic file (type png)
<use ../Results_CV/Section3/op.png>
Package pdftex.def Info: ../Results_CV/Section3/op.png  used on input line 793.
(pdftex.def)             Requested size: 93.94264pt x 89.10043pt.

Overfull \hbox (23.52795pt too wide) in paragraph at lines 793--803
 [][] 
 []

<pic/encoder_feature_3D_test.png, id=180, 801.4743pt x 794.2473pt>
File: pic/encoder_feature_3D_test.png Graphic file (type png)
<use pic/encoder_feature_3D_test.png>
Package pdftex.def Info: pic/encoder_feature_3D_test.png  used on input line 838.
(pdftex.def)             Requested size: 281.8561pt x 279.3117pt.
<../Results_CV/Section0/clusters .png, id=181, 55.6479pt x 52.0344pt>
File: ../Results_CV/Section0/clusters .png Graphic file (type png)
<use ../Results_CV/Section0/clusters .png>
Package pdftex.def Info: ../Results_CV/Section0/clusters .png  used on input line 848.
(pdftex.def)             Requested size: 93.96161pt x 89.10913pt.
<../Results_CV/Section0/cluster34.png, id=182, 55.6479pt x 52.0344pt>
File: ../Results_CV/Section0/cluster34.png Graphic file (type png)
<use ../Results_CV/Section0/cluster34.png>
Package pdftex.def Info: ../Results_CV/Section0/cluster34.png  used on input line 848.
(pdftex.def)             Requested size: 93.96161pt x 89.10913pt.
<../Results_CV/Section0/cluster3.png, id=183, 55.6479pt x 52.0344pt>
File: ../Results_CV/Section0/cluster3.png Graphic file (type png)
<use ../Results_CV/Section0/cluster3.png>
Package pdftex.def Info: ../Results_CV/Section0/cluster3.png  used on input line 848.
(pdftex.def)             Requested size: 93.96161pt x 89.10913pt.
<../Results_CV/Section0/cluster4.png, id=184, 55.6479pt x 52.0344pt>
File: ../Results_CV/Section0/cluster4.png Graphic file (type png)
<use ../Results_CV/Section0/cluster4.png>
Package pdftex.def Info: ../Results_CV/Section0/cluster4.png  used on input line 848.
(pdftex.def)             Requested size: 93.96161pt x 89.10913pt.
<../Results_CV/Section0/op.png, id=185, 491.436pt x 388.8126pt>
File: ../Results_CV/Section0/op.png Graphic file (type png)
<use ../Results_CV/Section0/op.png>
Package pdftex.def Info: ../Results_CV/Section0/op.png  used on input line 848.
(pdftex.def)             Requested size: 93.94371pt x 89.10464pt.

Overfull \hbox (23.52902pt too wide) in paragraph at lines 848--849
 [][] 
 []

<../Results_CV/Section10/clusters .png, id=186, 55.6479pt x 52.0344pt>
File: ../Results_CV/Section10/clusters .png Graphic file (type png)
<use ../Results_CV/Section10/clusters .png>
Package pdftex.def Info: ../Results_CV/Section10/clusters .png  used on input line 858.
(pdftex.def)             Requested size: 93.96161pt x 89.10913pt.
<../Results_CV/Section10/cluster34.png, id=187, 55.6479pt x 52.0344pt>
File: ../Results_CV/Section10/cluster34.png Graphic file (type png)
<use ../Results_CV/Section10/cluster34.png>
Package pdftex.def Info: ../Results_CV/Section10/cluster34.png  used on input line 858.
(pdftex.def)             Requested size: 93.96161pt x 89.10913pt.
<../Results_CV/Section10/cluster3.png, id=188, 55.6479pt x 52.0344pt>
File: ../Results_CV/Section10/cluster3.png Graphic file (type png)
<use ../Results_CV/Section10/cluster3.png>
Package pdftex.def Info: ../Results_CV/Section10/cluster3.png  used on input line 858.
(pdftex.def)             Requested size: 93.96161pt x 89.10913pt.
<../Results_CV/Section10/cluster4.png, id=189, 55.6479pt x 52.0344pt>
File: ../Results_CV/Section10/cluster4.png Graphic file (type png)
<use ../Results_CV/Section10/cluster4.png>
Package pdftex.def Info: ../Results_CV/Section10/cluster4.png  used on input line 858.
(pdftex.def)             Requested size: 93.96161pt x 89.10913pt.
<../Results_CV/Section10/op.png, id=190, 917.4275pt x 587.19376pt>
File: ../Results_CV/Section10/op.png Graphic file (type png)
<use ../Results_CV/Section10/op.png>
Package pdftex.def Info: ../Results_CV/Section10/op.png  used on input line 858.
(pdftex.def)             Requested size: 93.94594pt x 89.09668pt.

Overfull \hbox (23.53125pt too wide) in paragraph at lines 858--859
 [][] 
 []

<../Results_CV/Section12/clusters .png, id=191, 55.6479pt x 52.0344pt>
File: ../Results_CV/Section12/clusters .png Graphic file (type png)
<use ../Results_CV/Section12/clusters .png>
Package pdftex.def Info: ../Results_CV/Section12/clusters .png  used on input line 868.
(pdftex.def)             Requested size: 93.96161pt x 89.10913pt.
<../Results_CV/Section12/cluster34.png, id=192, 55.6479pt x 52.0344pt>
File: ../Results_CV/Section12/cluster34.png Graphic file (type png)
<use ../Results_CV/Section12/cluster34.png>
Package pdftex.def Info: ../Results_CV/Section12/cluster34.png  used on input line 868.
(pdftex.def)             Requested size: 93.96161pt x 89.10913pt.
<../Results_CV/Section12/cluster3.png, id=193, 55.6479pt x 52.0344pt>
File: ../Results_CV/Section12/cluster3.png Graphic file (type png)
<use ../Results_CV/Section12/cluster3.png>
Package pdftex.def Info: ../Results_CV/Section12/cluster3.png  used on input line 868.
(pdftex.def)             Requested size: 93.96161pt x 89.10913pt.
<../Results_CV/Section12/cluster4.png, id=194, 55.6479pt x 52.0344pt>
File: ../Results_CV/Section12/cluster4.png Graphic file (type png)
<use ../Results_CV/Section12/cluster4.png>
Package pdftex.def Info: ../Results_CV/Section12/cluster4.png  used on input line 868.
(pdftex.def)             Requested size: 93.96161pt x 89.10913pt.
<../Results_CV/Section12/op.png, id=195, 727.71875pt x 597.23125pt>
File: ../Results_CV/Section12/op.png Graphic file (type png)
<use ../Results_CV/Section12/op.png>
Package pdftex.def Info: ../Results_CV/Section12/op.png  used on input line 868.
(pdftex.def)             Requested size: 93.9405pt x 89.09782pt.

Overfull \hbox (23.52582pt too wide) in paragraph at lines 868--869
 [][] 
 []


LaTeX Warning: Float too large for page by 17.70871pt on input line 871.


Overfull \hbox (53.38327pt too wide) in paragraph at lines 818--872
\T1/cmr/m/n/12 ines with an tol-er-ance win-dow of 5 ppm, in-clud-ing 1-(11Z,14Z-eicosadienoyl)-2-(4Z,7Z,10Z,13Z,16Z,19Z-
 []


Overfull \hbox (31.65099pt too wide) in paragraph at lines 818--872
\T1/cmr/m/n/12 docosahexaenoyl)-glycero-3-phosphoserine, 1-(5Z,8Z,11Z,14Z-eicosatetraenoyl)-2-(7Z,10Z,13Z,16Z-
 []


Overfull \hbox (36.87193pt too wide) in paragraph at lines 818--872
\T1/cmr/m/n/12 docosatetraenoyl)-glycero-3-phosphoserine, 1-(7Z,10Z,13Z,16Z-docosatetraenoyl)-2-(5Z,8Z,11Z,14Z-
 []

[15] [16 <./k_fold.png> <./loss.png> <./pic/encoder_feature_3D_train.png> <./spesific_restruct_train.png> <./spesific_restruct_test.png> <../Results_CV/Section3/clusters .png> <../Results_CV/Section3/cluster35.png> <../Results_CV/Section3/cluster3.png> <../Results_CV/Section3/cluster5.png> <../Results_CV/Section3/op.png>]
<pic/pearson.pdf, id=221, 448.06897pt x 351.80942pt>
File: pic/pearson.pdf Graphic file (type pdf)
<use pic/pearson.pdf>
Package pdftex.def Info: pic/pearson.pdf  used on input line 890.
(pdftex.def)             Requested size: 216.09062pt x 169.66644pt.

Overfull \hbox (7.83142pt too wide) in paragraph at lines 890--891
[][] 
 []

<pic/loss.pdf, id=222, 453.11925pt x 339.20415pt>
File: pic/loss.pdf Graphic file (type pdf)
<use pic/loss.pdf>
Package pdftex.def Info: pic/loss.pdf  used on input line 897.
(pdftex.def)             Requested size: 239.57266pt x 179.34256pt.

Overfull \hbox (7.83142pt too wide) in paragraph at lines 897--898
[][] 
 []

<./pic/coloractal/hist.pdf, id=223, 455.30101pt x 339.66899pt>
File: ./pic/coloractal/hist.pdf Graphic file (type pdf)
<use ./pic/coloractal/hist.pdf>
Package pdftex.def Info: ./pic/coloractal/hist.pdf  used on input line 903.
(pdftex.def)             Requested size: 140.92804pt x 105.13562pt.

LaTeX Warning: Reference `eqn:loss function' on page 17 undefined on input line 918.


LaTeX Warning: Reference `fig:loss' on page 17 undefined on input line 922.

[17] [18 <./pic/encoder_feature_3D_test.png> <../Results_CV/Section0/clusters .png> <../Results_CV/Section0/cluster34.png> <../Results_CV/Section0/cluster3.png> <../Results_CV/Section0/cluster4.png> <../Results_CV/Section0/op.png> <../Results_CV/Section10/clusters .png> <../Results_CV/Section10/cluster34.png> <../Results_CV/Section10/cluster3.png> <../Results_CV/Section10/cluster4.png> <../Results_CV/Section10/op.png> <../Results_CV/Section12/clusters .png> <../Results_CV/Section12/cluster34.png> <../Results_CV/Section12/cluster3.png> <../Results_CV/Section12/cluster4.png> <../Results_CV/Section12/op.png>] [19 <./pic/pearson.pdf> <./pic/loss.pdf

pdfTeX warning: pdflatex (file ./pic/loss.pdf): PDF inclusion: multiple pdfs with page group included in a single page
> <./pic/coloractal/hist.pdf

pdfTeX warning: pdflatex (file ./pic/coloractal/hist.pdf): PDF inclusion: multiple pdfs with page group included in a single page
>]

LaTeX Warning: Reference `eqn:MultiHeadAttn' on page 20 undefined on input line 951.


LaTeX Warning: Reference `tab:ablation_experiment' on page 20 undefined on input line 957.

[20]

LaTeX Warning: Reference `fig:Loss in models' on page 21 undefined on input line 998.


LaTeX Warning: Reference `tbl:Dimensions of Each Layer' on page 21 undefined on input line 1052.


LaTeX Warning: Reference `fig:clusters_pro' on page 21 undefined on input line 1058.


LaTeX Warning: Reference `fig:clustering_1' on page 21 undefined on input line 1059.


LaTeX Warning: Reference `fig:clustering_11' on page 21 undefined on input line 1059.


LaTeX Warning: Reference `fig:clustering_13' on page 21 undefined on input line 1059.


LaTeX Warning: Reference `fig:Pearson_msiPL_Atnal' on page 21 undefined on input line 1068.

[21]

LaTeX Warning: Reference `fig:hist' on page 22 undefined on input line 1072.

[22] [23]
<pic/prostate/mz900.0463.png, id=365, 278.9622pt x 302.0886pt>
File: pic/prostate/mz900.0463.png Graphic file (type png)
<use pic/prostate/mz900.0463.png>
Package pdftex.def Info: pic/prostate/mz900.0463.png  used on input line 1136.
(pdftex.def)             Requested size: 80.32864pt x 86.98576pt.
<pic/prostate/ori_pre.png, id=366, 430.51239pt x 346.75146pt>
File: pic/prostate/ori_pre.png Graphic file (type png)
<use pic/prostate/ori_pre.png>
Package pdftex.def Info: pic/prostate/ori_pre.png  used on input line 1143.
(pdftex.def)             Requested size: 469.75539pt x 378.36429pt.
<pic/prostate/kmeans_all.png, id=367, 263.5687pt x 291.2481pt>
File: pic/prostate/kmeans_all.png Graphic file (type png)
<use pic/prostate/kmeans_all.png>
Package pdftex.def Info: pic/prostate/kmeans_all.png  used on input line 1151.
(pdftex.def)             Requested size: 126.83438pt x 140.15302pt.
<pic/prostate/minibatchkmeans_all.png, id=368, 263.5687pt x 291.2481pt>
File: pic/prostate/minibatchkmeans_all.png Graphic file (type png)
<use pic/prostate/minibatchkmeans_all.png>
Package pdftex.def Info: pic/prostate/minibatchkmeans_all.png  used on input line 1152.
(pdftex.def)             Requested size: 126.83438pt x 140.15302pt.
<pic/prostate/gmm_all.png, id=369, 263.0628pt x 291.2481pt>
File: pic/prostate/gmm_all.png Graphic file (type png)
<use pic/prostate/gmm_all.png>
Package pdftex.def Info: pic/prostate/gmm_all.png  used on input line 1153.
(pdftex.def)             Requested size: 126.83438pt x 140.4241pt.
<pic/prostate/kmeans_selected.png, id=370, 212.4738pt x 281.1303pt>
File: pic/prostate/kmeans_selected.png Graphic file (type png)
<use pic/prostate/kmeans_selected.png>
Package pdftex.def Info: pic/prostate/kmeans_selected.png  used on input line 1155.
(pdftex.def)             Requested size: 126.83438pt x 167.82153pt.
<pic/prostate/minibatchkmeans_selected.png, id=371, 212.4738pt x 281.1303pt>
File: pic/prostate/minibatchkmeans_selected.png Graphic file (type png)
<use pic/prostate/minibatchkmeans_selected.png>
Package pdftex.def Info: pic/prostate/minibatchkmeans_selected.png  used on input line 1156.
(pdftex.def)             Requested size: 126.83438pt x 167.82153pt.
<pic/prostate/gmm_selected.png, id=372, 212.4738pt x 281.1303pt>
File: pic/prostate/gmm_selected.png Graphic file (type png)
<use pic/prostate/gmm_selected.png>
Package pdftex.def Info: pic/prostate/gmm_selected.png  used on input line 1157.
(pdftex.def)             Requested size: 126.83438pt x 167.82153pt.
 [24 <./pic/prostate/mz900.0463.png>] [25 <./pic/prostate/ori_pre.png>] [26 <./pic/prostate/kmeans_all.png> <./pic/prostate/minibatchkmeans_all.png> <./pic/prostate/gmm_all.png> <./pic/prostate/kmeans_selected.png> <./pic/prostate/minibatchkmeans_selected.png> <./pic/prostate/gmm_selected.png>]
<pic/coloractal/s25_cluster.png, id=397, 56.3706pt x 52.7571pt>
File: pic/coloractal/s25_cluster.png Graphic file (type png)
<use pic/coloractal/s25_cluster.png>
Package pdftex.def Info: pic/coloractal/s25_cluster.png  used on input line 1197.
(pdftex.def)             Requested size: 80.32864pt x 75.18365pt.
<pic/coloractal/s25_tumor.png, id=398, 56.3706pt x 52.7571pt>
File: pic/coloractal/s25_tumor.png Graphic file (type png)
<use pic/coloractal/s25_tumor.png>
Package pdftex.def Info: pic/coloractal/s25_tumor.png  used on input line 1238.
(pdftex.def)             Requested size: 80.32864pt x 75.18365pt.
<pic/coloractal/s25_op.png, id=399, 3817.26125pt x 2771.35374pt>
File: pic/coloractal/s25_op.png Graphic file (type png)
<use pic/coloractal/s25_op.png>
Package pdftex.def Info: pic/coloractal/s25_op.png  used on input line 1277.
(pdftex.def)             Requested size: 80.32864pt x 58.31432pt.
 [27 <./pic/coloractal/s25_cluster.png> <./pic/coloractal/s25_tumor.png> <./pic/coloractal/s25_op.png>]

LaTeX Warning: Reference `tbl:notes' on page 28 undefined on input line 1303.

[28] (./achemso-demo.bbl [29]

Package natbib Warning: Citation `Cotton1999' on page 30 undefined on input line 83.

[30]
Underfull \hbox (badness 2253) in paragraph at lines 125--130
[]\T1/cmr/m/n/12 Kingma, D. P.; Welling, M. Auto-encoding vari-a-tional bayes. \T1/cmr/m/it/12 arXiv preprint
 []

[31]

LaTeX Warning: Mciteplus max count has changed.


LaTeX Warning: Mciteplus max width has changed.

)

Package natbib Warning: There were undefined citations.


LaTeX Warning: Rerun to ensure correct mciteplus label max width/count.

[32]
Overfull \vbox (85.27538pt too high) detected at line 1394
 []

[33

] (./achemso-demo.aux

Package natbib Warning: Citation(s) may have changed.
(natbib)                Rerun to get citations correct.

)

LaTeX Warning: There were undefined references.


LaTeX Warning: Label(s) may have changed. Rerun to get cross-references right.


Package rerunfilecheck Warning: File `achemso-demo.out' has changed.
(rerunfilecheck)                Rerun to get outlines right
(rerunfilecheck)                or use package `bookmark'.

Package rerunfilecheck Info: Checksums for `achemso-demo.out':
(rerunfilecheck)             Before: <no file>
(rerunfilecheck)             After:  D41D8CD98F00B204E9800998ECF8427E;0.
 ) 
Here is how much of TeX's memory you used:
 26431 strings out of 476038
 512709 string characters out of 5790176
 1864785 words of memory out of 5000000
 46241 multiletter control sequences out of 15000+600000
 544822 words of font info for 109 fonts, out of 8000000 for 9000
 1141 hyphenation exceptions out of 8191
 99i,13n,131p,883b,765s stack positions out of 10000i,1000n,20000p,200000b,200000s
</usr/local/texlive/2023/texmf-dist/fonts/type1/public/amsfonts/cm/cmbx12.pfb></usr/local/texlive/2023/texmf-dist/fonts/type1/public/amsfonts/cm/cmbx8.pfb></usr/local/texlive/2023/texmf-dist/fonts/type1/public/amsfonts/cm/cmex10.pfb></usr/local/texlive/2023/texmf-dist/fonts/type1/public/amsfonts/cm/cmmi10.pfb></usr/local/texlive/2023/texmf-dist/fonts/type1/public/amsfonts/cm/cmmi12.pfb></usr/local/texlive/2023/texmf-dist/fonts/type1/public/amsfonts/cm/cmmi6.pfb></usr/local/texlive/2023/texmf-dist/fonts/type1/public/amsfonts/cm/cmmi8.pfb></usr/local/texlive/2023/texmf-dist/fonts/type1/public/amsfonts/cm/cmr12.pfb></usr/local/texlive/2023/texmf-dist/fonts/type1/public/amsfonts/cm/cmr8.pfb></usr/local/texlive/2023/texmf-dist/fonts/type1/public/amsfonts/cm/cmsy10.pfb></usr/local/texlive/2023/texmf-dist/fonts/type1/public/amsfonts/cm/cmsy6.pfb></usr/local/texlive/2023/texmf-dist/fonts/type1/public/amsfonts/cm/cmsy7.pfb></usr/local/texlive/2023/texmf-dist/fonts/type1/public/amsfonts/cm/cmsy8.pfb></usr/local/texlive/2023/texmf-dist/fonts/type1/public/amsfonts/symbols/msbm10.pfb></usr/local/texlive/2023/texmf-dist/fonts/type1/public/cm-super/sfbx0800.pfb></usr/local/texlive/2023/texmf-dist/fonts/type1/public/cm-super/sfbx1095.pfb></usr/local/texlive/2023/texmf-dist/fonts/type1/public/cm-super/sfbx1200.pfb></usr/local/texlive/2023/texmf-dist/fonts/type1/public/cm-super/sfbx1440.pfb></usr/local/texlive/2023/texmf-dist/fonts/type1/public/cm-super/sfbx1728.pfb></usr/local/texlive/2023/texmf-dist/fonts/type1/public/cm-super/sfcc1200.pfb></usr/local/texlive/2023/texmf-dist/fonts/type1/public/cm-super/sfit1200.pfb></usr/local/texlive/2023/texmf-dist/fonts/type1/public/cm-super/sfrm0800.pfb></usr/local/texlive/2023/texmf-dist/fonts/type1/public/cm-super/sfrm1000.pfb></usr/local/texlive/2023/texmf-dist/fonts/type1/public/cm-super/sfrm1095.pfb></usr/local/texlive/2023/texmf-dist/fonts/type1/public/cm-super/sfrm1200.pfb></usr/local/texlive/2023/texmf-dist/fonts/type1/public/cm-super/sfsi1200.pfb></usr/local/texlive/2023/texmf-dist/fonts/type1/public/cm-super/sfss1000.pfb></usr/local/texlive/2023/texmf-dist/fonts/type1/public/cm-super/sfss1095.pfb></usr/local/texlive/2023/texmf-dist/fonts/type1/public/cm-super/sfss1200.pfb></usr/local/texlive/2023/texmf-dist/fonts/type1/public/cm-super/sfss1440.pfb></usr/local/texlive/2023/texmf-dist/fonts/type1/public/cm-super/sfsx1440.pfb></usr/local/texlive/2023/texmf-dist/fonts/type1/public/cm-super/sfsx2074.pfb></usr/local/texlive/2023/texmf-dist/fonts/type1/public/cm-super/sfti0800.pfb></usr/local/texlive/2023/texmf-dist/fonts/type1/public/cm-super/sfti1200.pfb></usr/local/texlive/2023/texmf-dist/fonts/type1/public/cm-super/sftt1095.pfb></usr/local/texlive/2023/texmf-dist/fonts/type1/public/cm-super/sftt1200.pfb>
Output written on achemso-demo.pdf (33 pages, 10947459 bytes).
PDF statistics:
 645 PDF objects out of 1000 (max. 8388607)
 367 compressed objects within 4 object streams
 128 named destinations out of 1000 (max. 500000)
 268 words of extra memory for PDF output out of 10000 (max. 10000000)

